\BOOKMARK [0][-]{chapter.1}{Executive Summary}{}% 1
\BOOKMARK [0][-]{chapter.2}{Exercise 4.6.3}{}% 2
\BOOKMARK [1][-]{section.2.1}{Problem Statement}{chapter.2}% 3
\BOOKMARK [2][-]{subsection.2.1.1}{4.6.3A}{section.2.1}% 4
\BOOKMARK [2][-]{subsection.2.1.2}{4.6.3A relevent code}{section.2.1}% 5
\BOOKMARK [2][-]{subsection.2.1.3}{4.6.3B}{section.2.1}% 6
\BOOKMARK [2][-]{subsection.2.1.4}{4.6.3B relevent code}{section.2.1}% 7
\BOOKMARK [2][-]{subsection.2.1.5}{4.6.3C}{section.2.1}% 8
\BOOKMARK [2][-]{subsection.2.1.6}{4.6.3C relevent code}{section.2.1}% 9
\BOOKMARK [2][-]{subsection.2.1.7}{4.6.3D}{section.2.1}% 10
\BOOKMARK [2][-]{subsection.2.1.8}{4.6.3D relevent code}{section.2.1}% 11
\BOOKMARK [2][-]{subsection.2.1.9}{4.6.3E}{section.2.1}% 12
\BOOKMARK [2][-]{subsection.2.1.10}{4.6.3E relevent code}{section.2.1}% 13
\BOOKMARK [2][-]{subsection.2.1.11}{Test Cases}{section.2.1}% 14
\BOOKMARK [1][-]{section.2.2}{Execution Transcripts}{chapter.2}% 15
\BOOKMARK [2][-]{subsection.2.2.1}{explain of result}{section.2.2}% 16
\BOOKMARK [0][-]{chapter.3}{Exercise 4.6.4}{}% 17
\BOOKMARK [1][-]{section.3.1}{Problem Statement}{chapter.3}% 18
\BOOKMARK [2][-]{subsection.3.1.1}{Relevent Code}{section.3.1}% 19
\BOOKMARK [2][-]{subsection.3.1.2}{Test cases}{section.3.1}% 20
\BOOKMARK [2][-]{subsection.3.1.3}{Execution Transcripts}{section.3.1}% 21
\BOOKMARK [2][-]{subsection.3.1.4}{Test Result}{section.3.1}% 22
\BOOKMARK [0][-]{chapter.4}{Exercise 5.3.4}{}% 23
\BOOKMARK [1][-]{section.4.1}{Problem Statement}{chapter.4}% 24
\BOOKMARK [2][-]{subsection.4.1.1}{Relevent Code}{section.4.1}% 25
\BOOKMARK [2][-]{subsection.4.1.2}{Test Cases}{section.4.1}% 26
\BOOKMARK [2][-]{subsection.4.1.3}{Execution Transcripts}{section.4.1}% 27
\BOOKMARK [2][-]{subsection.4.1.4}{Test result}{section.4.1}% 28
\BOOKMARK [0][-]{chapter.5}{Exercise 5.3.5}{}% 29
\BOOKMARK [1][-]{section.5.1}{Problem Statement}{chapter.5}% 30
\BOOKMARK [2][-]{subsection.5.1.1}{Solution}{section.5.1}% 31
\BOOKMARK [1][-]{section.5.2}{Relevent Code}{chapter.5}% 32
\BOOKMARK [1][-]{section.5.3}{Test Cases}{chapter.5}% 33
\BOOKMARK [1][-]{section.5.4}{Execution Transcripts}{chapter.5}% 34
\BOOKMARK [1][-]{section.5.5}{Test Result}{chapter.5}% 35
\BOOKMARK [0][-]{chapter.6}{Appendix A: Exercise 4.6.3 Source Code}{}% 36
\BOOKMARK [0][-]{chapter.7}{Appendix B: Exercise 4.6.4 Source Code}{}% 37
\BOOKMARK [0][-]{chapter.8}{Appendix C: Exercise 5.3.4 Source Code}{}% 38
\BOOKMARK [0][-]{chapter.9}{Appendix D: Exercise 5.3.5 Source Code}{}% 39
