\BOOKMARK [0][-]{chapter.1}{Executive Summary}{}% 1
\BOOKMARK [0][-]{chapter.2}{Exercise 9.5.1}{}% 2
\BOOKMARK [1][-]{section.2.1}{Problem Statement}{chapter.2}% 3
\BOOKMARK [1][-]{section.2.2}{HOL Code}{chapter.2}% 4
\BOOKMARK [1][-]{section.2.3}{Session Transcript}{chapter.2}% 5
\BOOKMARK [1][-]{section.2.4}{Explain Result}{chapter.2}% 6
\BOOKMARK [0][-]{chapter.3}{Exercise 9.5.2}{}% 7
\BOOKMARK [1][-]{section.3.1}{Problem Statement}{chapter.3}% 8
\BOOKMARK [1][-]{section.3.2}{HOL Code}{chapter.3}% 9
\BOOKMARK [1][-]{section.3.3}{Session Transcript}{chapter.3}% 10
\BOOKMARK [1][-]{section.3.4}{Explain Result}{chapter.3}% 11
\BOOKMARK [0][-]{chapter.4}{Excersice 9.5.3}{}% 12
\BOOKMARK [1][-]{section.4.1}{Problem Statement}{chapter.4}% 13
\BOOKMARK [1][-]{section.4.2}{HOL Code}{chapter.4}% 14
\BOOKMARK [1][-]{section.4.3}{Session Transcript}{chapter.4}% 15
\BOOKMARK [1][-]{section.4.4}{Explain Result}{chapter.4}% 16
\BOOKMARK [0][-]{chapter.5}{Exercise 9.5.2}{}% 17
\BOOKMARK [1][-]{section.5.1}{Problem Statement}{chapter.5}% 18
\BOOKMARK [1][-]{section.5.2}{HOL Code}{chapter.5}% 19
\BOOKMARK [1][-]{section.5.3}{Session Transcript}{chapter.5}% 20
\BOOKMARK [1][-]{section.5.4}{Explain Result}{chapter.5}% 21
\BOOKMARK [0][-]{chapter.6}{Excersice 10.4.1}{}% 22
\BOOKMARK [1][-]{section.6.1}{Problem Statement}{chapter.6}% 23
\BOOKMARK [1][-]{section.6.2}{HOL Code}{chapter.6}% 24
\BOOKMARK [1][-]{section.6.3}{Session Transcript}{chapter.6}% 25
\BOOKMARK [1][-]{section.6.4}{Explain Result}{chapter.6}% 26
\BOOKMARK [0][-]{chapter.7}{Excersice 10.4.2}{}% 27
\BOOKMARK [1][-]{section.7.1}{Problem Statement}{chapter.7}% 28
\BOOKMARK [1][-]{section.7.2}{HOL Code}{chapter.7}% 29
\BOOKMARK [1][-]{section.7.3}{Session Transcript}{chapter.7}% 30
\BOOKMARK [1][-]{section.7.4}{Explain Result}{chapter.7}% 31
\BOOKMARK [0][-]{chapter.8}{Appendix A: source code for 9.5.1, 9.5.2, and 9.5.3}{}% 32
