\BOOKMARK [0][-]{chapter.1}{Executive Summary}{}% 1
\BOOKMARK [0][-]{chapter.2}{Exercise 6.2.1}{}% 2
\BOOKMARK [1][-]{section.2.1}{Problem Statement}{chapter.2}% 3
\BOOKMARK [1][-]{section.2.2}{Relevent Code}{chapter.2}% 4
\BOOKMARK [1][-]{section.2.3}{Execution Transcripts}{chapter.2}% 5
\BOOKMARK [2][-]{subsection.2.3.1}{Explain of results}{section.2.3}% 6
\BOOKMARK [0][-]{chapter.3}{Exercise 7.3.1}{}% 7
\BOOKMARK [1][-]{section.3.1}{Problem Statement}{chapter.3}% 8
\BOOKMARK [1][-]{section.3.2}{Relevent Code}{chapter.3}% 9
\BOOKMARK [1][-]{section.3.3}{Test Cases}{chapter.3}% 10
\BOOKMARK [1][-]{section.3.4}{Execution Transcripts}{chapter.3}% 11
\BOOKMARK [0][-]{chapter.4}{Exercise 7.3.2}{}% 12
\BOOKMARK [1][-]{section.4.1}{Problem Statement}{chapter.4}% 13
\BOOKMARK [1][-]{section.4.2}{Relevent Code}{chapter.4}% 14
\BOOKMARK [1][-]{section.4.3}{Execution Transcripts}{chapter.4}% 15
\BOOKMARK [0][-]{chapter.5}{Exercise 7.3.3}{}% 16
\BOOKMARK [1][-]{section.5.1}{Problem Statement}{chapter.5}% 17
\BOOKMARK [1][-]{section.5.2}{Relevent Code}{chapter.5}% 18
\BOOKMARK [1][-]{section.5.3}{Execution Transcripts}{chapter.5}% 19
\BOOKMARK [0][-]{chapter.6}{Appendix A: source code for 6.2.1}{}% 20
\BOOKMARK [0][-]{chapter.7}{Appendix B: source code for 7.3.1}{}% 21
\BOOKMARK [0][-]{chapter.8}{Appendix C: source code for 7.3.2}{}% 22
\BOOKMARK [0][-]{chapter.9}{Appendix D: source code for 7.3.3}{}% 23
